#
# A fatal error has been detected by the Java Runtime Environment:
#
#  EXCEPTION_INVALID_HANDLE (0xc0000008) at pc=0x00007ffa16634ab0, pid=12540, tid=12324
#
# JRE version: Java(TM) SE Runtime Environment (8.0_66-b17) (build 1.8.0_66-b17)
# Java VM: Java HotSpot(TM) 64-Bit Server VM (25.66-b17 mixed mode windows-amd64 compressed oops)
# Problematic frame:
# C  [ntdll.dll+0xa4ab0]
#
# Failed to write core dump. Minidumps are not enabled by default on client versions of Windows
#
# If you would like to submit a bug report, please visit:
#   http://bugreport.java.com/bugreport/crash.jsp
# The crash happened outside the Java Virtual Machine in native code.
# See problematic frame for where to report the bug.
#

---------------  T H R E A D  ---------------

Current thread (0x00000000185a6000):  JavaThread "JavaFX Application Thread" [_thread_in_native, id=12324, stack(0x00000000190e0000,0x00000000191e0000)]

siginfo: ExceptionCode=0xc0000008

Registers:
RAX=0x0000000015940e70, RBX=0x00000000c0000008, RCX=0x00000000191df2d0, RDX=0x00000000191df1f0
RSP=0x00000000191db4f0, RBP=0x00000000191db5f0, RSI=0x0000000000000000, RDI=0x0000000000000000
R8 =0x0000000122228858, R9 =0x00000000222a1b38, R10=0x00000000546f6741, R11=0x000000005482a5e0
R12=0x0000000000000000, R13=0x0000000000000000, R14=0x00000000002ea000, R15=0x0000000000000000
RIP=0x00007ffa16634ab0, EFLAGS=0x0000000000000206

Top of Stack: (sp=0x00000000191db4f0)
0x00000000191db4f0:   0000000015940dd0 0000000018708140
0x00000000191db500:   00000000c0000008 000000005466fafb
0x00000000191db510:   00000001c0000008 0000000000000000
0x00000000191db520:   00007ffa16634ab0 0000000000000000
0x00000000191db530:   000000171b606400 00000400191db701
0x00000000191db540:   00000000191df1f0 00000000222a1b98
0x00000000191db550:   00000000159ed238 00000000159ed238
0x00000000191db560:   00000000222a1090 00000000191df1f0
0x00000000191db570:   00000000000003d8 0000000015940e50
0x00000000191db580:   00000000191dbca0 00000000185a6000
0x00000000191db590:   0000000015940e70 000000001b606480
0x00000000191db5a0:   000000000317a650 00000000159ed238
0x00000000191db5b0:   00000000222a1b78 00000000159ed238
0x00000000191db5c0:   0000000015940ed0 0000000015940c50
0x00000000191db5d0:   00000000191dc820 00000000191dc824
0x00000000191db5e0:   00001fa50010000f 0053002b002b0033 

Instructions: (pc=0x00007ffa16634ab0)
0x00007ffa16634a90:   48 89 5c 24 10 55 48 8d ac 24 70 fb ff ff 48 81
0x00007ffa16634aa0:   ec 90 05 00 00 8b d9 48 8d 4d c0 e8 f0 41 00 00
0x00007ffa16634ab0:   48 8b 85 b8 00 00 00 48 8d 55 c0 33 c9 48 89 44
0x00007ffa16634ac0:   24 30 48 89 4c 24 28 89 4c 24 38 89 5c 24 20 c7 


Register to memory mapping:

RAX=0x0000000015940e70 is pointing into metadata
RBX=0x00000000c0000008 is an unallocated location in the heap
RCX=0x00000000191df2d0 is pointing into the stack for thread: 0x00000000185a6000
RDX=0x00000000191df1f0 is pointing into the stack for thread: 0x00000000185a6000
RSP=0x00000000191db4f0 is pointing into the stack for thread: 0x00000000185a6000
RBP=0x00000000191db5f0 is pointing into the stack for thread: 0x00000000185a6000
RSI=0x0000000000000000 is an unknown value
RDI=0x0000000000000000 is an unknown value
R8 =0x0000000122228858 is an unknown value
R9 =0x00000000222a1b38 is pointing into metadata
R10=0x00000000546f6741 is an unknown value
R11=0x000000005482a5e0 is an unknown value
R12=0x0000000000000000 is an unknown value
R13=0x0000000000000000 is an unknown value
R14=0x00000000002ea000 is an unknown value
R15=0x0000000000000000 is an unknown value


Stack: [0x00000000190e0000,0x00000000191e0000],  sp=0x00000000191db4f0,  free space=1005k
Native frames: (J=compiled Java code, j=interpreted, Vv=VM code, C=native code)
C  [ntdll.dll+0xa4ab0]
C  [ntdll.dll+0x2ffc4]
C  [ntdll.dll+0x2ea0b]
C  [jna6888739507433970287.dll+0x176f3]
C  [jna6888739507433970287.dll+0xffe7]
C  [jna6888739507433970287.dll+0x3d1a]
C  [jna6888739507433970287.dll+0x4ef7]
C  0x00000000026b5e34

Java frames: (J=compiled Java code, j=interpreted, Vv=VM code)
j  com.sun.jna.Native.invokeVoid(JI[Ljava/lang/Object;)V+0
j  com.sun.jna.Function.invoke([Ljava/lang/Object;Ljava/lang/Class;Z)Ljava/lang/Object;+48
j  com.sun.jna.Function.invoke(Ljava/lang/Class;[Ljava/lang/Object;Ljava/util/Map;)Ljava/lang/Object;+214
j  com.sun.jna.Library$Handler.invoke(Ljava/lang/Object;Ljava/lang/reflect/Method;[Ljava/lang/Object;)Ljava/lang/Object;+341
j  com.sun.proxy.$Proxy6.libvlc_media_list_lock(Luk/co/caprica/vlcj/binding/internal/libvlc_media_list_t;)V+16
j  uk.co.caprica.vlcj.medialist.MediaList.lock()V+19
j  uk.co.caprica.vlcj.medialist.MediaList.clear()V+12
j  sample.model.StreamMedia.release()V+4
j  sample.Main.lambda$initRootLayout$11(Ljavafx/stage/WindowEvent;)V+43
j  sample.Main$$Lambda$206.handle(Ljavafx/event/Event;)V+8
J 3488 C1 com.sun.javafx.event.CompositeEventHandler.dispatchBubblingEvent(Ljavafx/event/Event;)V (57 bytes) @ 0x000000000316ea14 [0x000000000316e640+0x3d4]
J 3274 C1 com.sun.javafx.event.EventHandlerManager.dispatchBubblingEvent(Ljavafx/event/Event;)Ljavafx/event/Event; (23 bytes) @ 0x00000000030c70cc [0x00000000030c6a20+0x6ac]
J 3273 C1 com.sun.javafx.event.CompositeEventDispatcher.dispatchBubblingEvent(Ljavafx/event/Event;)Ljavafx/event/Event; (35 bytes) @ 0x00000000030c7a9c [0x00000000030c78e0+0x1bc]
J 3115 C1 com.sun.javafx.event.BasicEventDispatcher.dispatchEvent(Ljavafx/event/Event;Ljavafx/event/EventDispatchChain;)Ljavafx/event/Event; (44 bytes) @ 0x000000000307dc7c [0x000000000307d940+0x33c]
J 3078 C1 com.sun.javafx.event.EventDispatchChainImpl.dispatchEvent(Ljavafx/event/Event;)Ljavafx/event/Event; (101 bytes) @ 0x00000000030690b4 [0x0000000003068f00+0x1b4]
J 3411 C1 com.sun.javafx.event.EventUtil.fireEvent(Ljavafx/event/EventTarget;Ljavafx/event/Event;)Ljavafx/event/Event; (81 bytes) @ 0x000000000313d43c [0x000000000313cd00+0x73c]
J 3410 C1 javafx.event.Event.fireEvent(Ljavafx/event/EventTarget;Ljavafx/event/Event;)V (35 bytes) @ 0x000000000312fd6c [0x000000000312fca0+0xcc]
j  com.sun.javafx.stage.WindowPeerListener.closing()V+18
j  com.sun.javafx.tk.quantum.GlassWindowEventHandler.run()Ljava/lang/Void;+560
j  com.sun.javafx.tk.quantum.GlassWindowEventHandler.run()Ljava/lang/Object;+1
v  ~StubRoutines::call_stub
J 3192  java.security.AccessController.doPrivileged(Ljava/security/PrivilegedAction;Ljava/security/AccessControlContext;)Ljava/lang/Object; (0 bytes) @ 0x0000000003099466 [0x0000000003099400+0x66]
j  com.sun.javafx.tk.quantum.GlassWindowEventHandler.lambda$handleWindowEvent$423()Ljava/lang/Void;+10
j  com.sun.javafx.tk.quantum.GlassWindowEventHandler$$Lambda$219.get()Ljava/lang/Object;+4
J 3495 C1 com.sun.javafx.tk.quantum.QuantumToolkit.runWithoutRenderLock(Ljava/util/function/Supplier;)Ljava/lang/Object; (49 bytes) @ 0x000000000317ad54 [0x000000000317a820+0x534]
j  com.sun.javafx.tk.quantum.GlassWindowEventHandler.handleWindowEvent(Lcom/sun/glass/ui/Window;JI)V+17
j  com.sun.glass.ui.Window.handleWindowEvent(JI)V+14
j  com.sun.glass.ui.Window.notifyClose()V+7
v  ~StubRoutines::call_stub
j  com.sun.glass.ui.win.WinApplication._runLoop(Ljava/lang/Runnable;)V+0
j  com.sun.glass.ui.win.WinApplication.lambda$null$148(ILjava/lang/Runnable;)V+8
j  com.sun.glass.ui.win.WinApplication$$Lambda$40.run()V+12
j  java.lang.Thread.run()V+11
v  ~StubRoutines::call_stub

---------------  P R O C E S S  ---------------

Java Threads: ( => current thread )
  0x000000001becb000 JavaThread "Prism Font Disposer" daemon [_thread_blocked, id=11964, stack(0x000000001e4f0000,0x000000001e5f0000)]
  0x00000000186df000 JavaThread "Thread-4" daemon [_thread_in_native, id=8484, stack(0x000000001ad80000,0x000000001ae80000)]
=>0x00000000185a6000 JavaThread "JavaFX Application Thread" [_thread_in_native, id=12324, stack(0x00000000190e0000,0x00000000191e0000)]
  0x0000000018693800 JavaThread "Thread-3" daemon [_thread_blocked, id=12804, stack(0x0000000018fe0000,0x00000000190e0000)]
  0x0000000018598000 JavaThread "QuantumRenderer-0" daemon [_thread_blocked, id=12772, stack(0x0000000018d30000,0x0000000018e30000)]
  0x00000000184d9000 JavaThread "JavaFX-Launcher" [_thread_blocked, id=8764, stack(0x0000000018c30000,0x0000000018d30000)]
  0x0000000017a2c800 JavaThread "Monitor Ctrl-Break" daemon [_thread_in_native, id=13292, stack(0x0000000017ea0000,0x0000000017fa0000)]
  0x00000000178da800 JavaThread "Service Thread" daemon [_thread_blocked, id=2828, stack(0x0000000017ca0000,0x0000000017da0000)]
  0x0000000015f2f800 JavaThread "C1 CompilerThread2" daemon [_thread_blocked, id=8552, stack(0x00000000177a0000,0x00000000178a0000)]
  0x0000000015f2e800 JavaThread "C2 CompilerThread1" daemon [_thread_blocked, id=2452, stack(0x00000000176a0000,0x00000000177a0000)]
  0x0000000015f2c000 JavaThread "C2 CompilerThread0" daemon [_thread_blocked, id=8308, stack(0x00000000175a0000,0x00000000176a0000)]
  0x0000000015f2b000 JavaThread "Attach Listener" daemon [_thread_blocked, id=9232, stack(0x00000000174a0000,0x00000000175a0000)]
  0x0000000015f29800 JavaThread "Signal Dispatcher" daemon [_thread_blocked, id=12092, stack(0x00000000173a0000,0x00000000174a0000)]
  0x0000000002699800 JavaThread "Finalizer" daemon [_thread_blocked, id=908, stack(0x0000000017190000,0x0000000017290000)]
  0x0000000002691800 JavaThread "Reference Handler" daemon [_thread_blocked, id=8080, stack(0x0000000017090000,0x0000000017190000)]
  0x000000000257e800 JavaThread "main" [_thread_blocked, id=13020, stack(0x00000000023f0000,0x00000000024f0000)]

Other Threads:
  0x0000000015ee7800 VMThread [stack: 0x0000000016f90000,0x0000000017090000] [id=12760]
  0x0000000015f28000 WatcherThread [stack: 0x0000000017da0000,0x0000000017ea0000] [id=7040]

VM state:not at safepoint (normal execution)

VM Mutex/Monitor currently owned by a thread: None

Heap:
 PSYoungGen      total 36352K, used 19218K [0x00000000e0980000, 0x00000000e4180000, 0x0000000100000000)
  eden space 32256K, 46% used [0x00000000e0980000,0x00000000e18448b8,0x00000000e2900000)
  from space 4096K, 100% used [0x00000000e3d80000,0x00000000e4180000,0x00000000e4180000)
  to   space 4096K, 0% used [0x00000000e3980000,0x00000000e3980000,0x00000000e3d80000)
 ParOldGen       total 57856K, used 11626K [0x00000000a1c00000, 0x00000000a5480000, 0x00000000e0980000)
  object space 57856K, 20% used [0x00000000a1c00000,0x00000000a275a878,0x00000000a5480000)
 Metaspace       used 26013K, capacity 27514K, committed 27648K, reserved 1073152K
  class space    used 3746K, capacity 4028K, committed 4096K, reserved 1048576K

Card table byte_map: [0x0000000011a60000,0x0000000011d60000] byte_map_base: 0x0000000011552000

Marking Bits: (ParMarkBitMap*) 0x0000000054e0a5b0
 Begin Bits: [0x0000000012360000, 0x0000000013af0000)
 End Bits:   [0x0000000013af0000, 0x0000000015280000)

Polling page: 0x0000000000870000

CodeCache: size=245760Kb used=12259Kb max_used=12259Kb free=233500Kb
 bounds [0x00000000026a0000, 0x00000000032a0000, 0x00000000116a0000]
 total_blobs=4530 nmethods=3797 adapters=644
 compilation: enabled

Compilation events (10 events):
Event: 371.260 Thread 0x0000000015f2f800 3795       3       java.nio.CharBuffer::<init> (22 bytes)
Event: 371.260 Thread 0x0000000015f2f800 nmethod 3795 0x000000000329bc90 code [0x000000000329be00, 0x000000000329bfc8]
Event: 371.260 Thread 0x0000000015f2f800 3797       3       java.nio.CharBuffer::array (35 bytes)
Event: 371.260 Thread 0x0000000015f2f800 nmethod 3797 0x000000000329c090 code [0x000000000329c220, 0x000000000329c538]
Event: 371.260 Thread 0x0000000015f2f800 3798       3       sun.nio.cs.UTF_8::access$200 (8 bytes)
Event: 371.261 Thread 0x0000000015f2f800 nmethod 3798 0x000000000329c690 code [0x000000000329c820, 0x000000000329ccb8]
Event: 371.261 Thread 0x0000000015f2f800 3799       3       sun.nio.cs.UTF_8::updatePositions (23 bytes)
Event: 371.261 Thread 0x0000000015f2f800 nmethod 3799 0x000000000329ced0 code [0x000000000329d060, 0x000000000329d498]
Event: 371.261 Thread 0x0000000015f2f800 3800       1       sun.nio.cs.StreamEncoder::isOpen (5 bytes)
Event: 371.261 Thread 0x0000000015f2f800 nmethod 3800 0x000000000329d610 code [0x000000000329d760, 0x000000000329d870]

GC Heap History (10 events):
Event: 0.880 GC heap before
{Heap before GC invocations=1 (full 0):
 PSYoungGen      total 28672K, used 24576K [0x00000000e0980000, 0x00000000e2980000, 0x0000000100000000)
  eden space 24576K, 100% used [0x00000000e0980000,0x00000000e2180000,0x00000000e2180000)
  from space 4096K, 0% used [0x00000000e2580000,0x00000000e2580000,0x00000000e2980000)
  to   space 4096K, 0% used [0x00000000e2180000,0x00000000e2180000,0x00000000e2580000)
 ParOldGen       total 65536K, used 0K [0x00000000a1c00000, 0x00000000a5c00000, 0x00000000e0980000)
  object space 65536K, 0% used [0x00000000a1c00000,0x00000000a1c00000,0x00000000a5c00000)
 Metaspace       used 12524K, capacity 12918K, committed 13312K, reserved 1060864K
  class space    used 1545K, capacity 1694K, committed 1792K, reserved 1048576K
Event: 0.885 GC heap after
Heap after GC invocations=1 (full 0):
 PSYoungGen      total 28672K, used 4069K [0x00000000e0980000, 0x00000000e2980000, 0x0000000100000000)
  eden space 24576K, 0% used [0x00000000e0980000,0x00000000e0980000,0x00000000e2180000)
  from space 4096K, 99% used [0x00000000e2180000,0x00000000e2579430,0x00000000e2580000)
  to   space 4096K, 0% used [0x00000000e2580000,0x00000000e2580000,0x00000000e2980000)
 ParOldGen       total 65536K, used 477K [0x00000000a1c00000, 0x00000000a5c00000, 0x00000000e0980000)
  object space 65536K, 0% used [0x00000000a1c00000,0x00000000a1c775f0,0x00000000a5c00000)
 Metaspace       used 12524K, capacity 12918K, committed 13312K, reserved 1060864K
  class space    used 1545K, capacity 1694K, committed 1792K, reserved 1048576K
}
Event: 1.740 GC heap before
{Heap before GC invocations=2 (full 0):
 PSYoungGen      total 28672K, used 28645K [0x00000000e0980000, 0x00000000e2980000, 0x0000000100000000)
  eden space 24576K, 100% used [0x00000000e0980000,0x00000000e2180000,0x00000000e2180000)
  from space 4096K, 99% used [0x00000000e2180000,0x00000000e2579430,0x00000000e2580000)
  to   space 4096K, 0% used [0x00000000e2580000,0x00000000e2580000,0x00000000e2980000)
 ParOldGen       total 65536K, used 477K [0x00000000a1c00000, 0x00000000a5c00000, 0x00000000e0980000)
  object space 65536K, 0% used [0x00000000a1c00000,0x00000000a1c775f0,0x00000000a5c00000)
 Metaspace       used 18349K, capacity 18904K, committed 19072K, reserved 1064960K
  class space    used 2535K, capacity 2665K, committed 2688K, reserved 1048576K
Event: 1.754 GC heap after
Heap after GC invocations=2 (full 0):
 PSYoungGen      total 28672K, used 4064K [0x00000000e0980000, 0x00000000e4180000, 0x0000000100000000)
  eden space 24576K, 0% used [0x00000000e0980000,0x00000000e0980000,0x00000000e2180000)
  from space 4096K, 99% used [0x00000000e2580000,0x00000000e2978040,0x00000000e2980000)
  to   space 4096K, 0% used [0x00000000e2180000,0x00000000e2180000,0x00000000e2580000)
 ParOldGen       total 65536K, used 3506K [0x00000000a1c00000, 0x00000000a5c00000, 0x00000000e0980000)
  object space 65536K, 5% used [0x00000000a1c00000,0x00000000a1f6c850,0x00000000a5c00000)
 Metaspace       used 18349K, capacity 18904K, committed 19072K, reserved 1064960K
  class space    used 2535K, capacity 2665K, committed 2688K, reserved 1048576K
}
Event: 2.161 GC heap before
{Heap before GC invocations=3 (full 0):
 PSYoungGen      total 28672K, used 17177K [0x00000000e0980000, 0x00000000e4180000, 0x0000000100000000)
  eden space 24576K, 53% used [0x00000000e0980000,0x00000000e164e568,0x00000000e2180000)
  from space 4096K, 99% used [0x00000000e2580000,0x00000000e2978040,0x00000000e2980000)
  to   space 4096K, 0% used [0x00000000e2180000,0x00000000e2180000,0x00000000e2580000)
 ParOldGen       total 65536K, used 3506K [0x00000000a1c00000, 0x00000000a5c00000, 0x00000000e0980000)
  object space 65536K, 5% used [0x00000000a1c00000,0x00000000a1f6c850,0x00000000a5c00000)
 Metaspace       used 20473K, capacity 21194K, committed 21296K, reserved 1067008K
  class space    used 2936K, capacity 3136K, committed 3200K, reserved 1048576K
Event: 2.168 GC heap after
Heap after GC invocations=3 (full 0):
 PSYoungGen      total 28672K, used 4080K [0x00000000e0980000, 0x00000000e4180000, 0x0000000100000000)
  eden space 24576K, 0% used [0x00000000e0980000,0x00000000e0980000,0x00000000e2180000)
  from space 4096K, 99% used [0x00000000e2180000,0x00000000e257c030,0x00000000e2580000)
  to   space 4096K, 0% used [0x00000000e3d80000,0x00000000e3d80000,0x00000000e4180000)
 ParOldGen       total 65536K, used 8026K [0x00000000a1c00000, 0x00000000a5c00000, 0x00000000e0980000)
  object space 65536K, 12% used [0x00000000a1c00000,0x00000000a23d6838,0x00000000a5c00000)
 Metaspace       used 20473K, capacity 21194K, committed 21296K, reserved 1067008K
  class space    used 2936K, capacity 3136K, committed 3200K, reserved 1048576K
}
Event: 2.168 GC heap before
{Heap before GC invocations=4 (full 1):
 PSYoungGen      total 28672K, used 4080K [0x00000000e0980000, 0x00000000e4180000, 0x0000000100000000)
  eden space 24576K, 0% used [0x00000000e0980000,0x00000000e0980000,0x00000000e2180000)
  from space 4096K, 99% used [0x00000000e2180000,0x00000000e257c030,0x00000000e2580000)
  to   space 4096K, 0% used [0x00000000e3d80000,0x00000000e3d80000,0x00000000e4180000)
 ParOldGen       total 65536K, used 8026K [0x00000000a1c00000, 0x00000000a5c00000, 0x00000000e0980000)
  object space 65536K, 12% used [0x00000000a1c00000,0x00000000a23d6838,0x00000000a5c00000)
 Metaspace       used 20473K, capacity 21194K, committed 21296K, reserved 1067008K
  class space    used 2936K, capacity 3136K, committed 3200K, reserved 1048576K
Event: 2.226 GC heap after
Heap after GC invocations=4 (full 1):
 PSYoungGen      total 28672K, used 0K [0x00000000e0980000, 0x00000000e4180000, 0x0000000100000000)
  eden space 24576K, 0% used [0x00000000e0980000,0x00000000e0980000,0x00000000e2180000)
  from space 4096K, 0% used [0x00000000e2180000,0x00000000e2180000,0x00000000e2580000)
  to   space 4096K, 0% used [0x00000000e3d80000,0x00000000e3d80000,0x00000000e4180000)
 ParOldGen       total 57856K, used 10263K [0x00000000a1c00000, 0x00000000a5480000, 0x00000000e0980000)
  object space 57856K, 17% used [0x00000000a1c00000,0x00000000a2605df8,0x00000000a5480000)
 Metaspace       used 20473K, capacity 21194K, committed 21296K, reserved 1067008K
  class space    used 2936K, capacity 3136K, committed 3200K, reserved 1048576K
}
Event: 3.735 GC heap before
{Heap before GC invocations=5 (full 1):
 PSYoungGen      total 28672K, used 24003K [0x00000000e0980000, 0x00000000e4180000, 0x0000000100000000)
  eden space 24576K, 97% used [0x00000000e0980000,0x00000000e20f0f90,0x00000000e2180000)
  from space 4096K, 0% used [0x00000000e2180000,0x00000000e2180000,0x00000000e2580000)
  to   space 4096K, 0% used [0x00000000e3d80000,0x00000000e3d80000,0x00000000e4180000)
 ParOldGen       total 57856K, used 10263K [0x00000000a1c00000, 0x00000000a5480000, 0x00000000e0980000)
  object space 57856K, 17% used [0x00000000a1c00000,0x00000000a2605df8,0x00000000a5480000)
 Metaspace       used 24623K, capacity 26104K, committed 26240K, reserved 1071104K
  class space    used 3600K, capacity 3877K, committed 3968K, reserved 1048576K
Event: 3.749 GC heap after
Heap after GC invocations=5 (full 1):
 PSYoungGen      total 36352K, used 4096K [0x00000000e0980000, 0x00000000e4180000, 0x0000000100000000)
  eden space 32256K, 0% used [0x00000000e0980000,0x00000000e0980000,0x00000000e2900000)
  from space 4096K, 100% used [0x00000000e3d80000,0x00000000e4180000,0x00000000e4180000)
  to   space 4096K, 0% used [0x00000000e3980000,0x00000000e3980000,0x00000000e3d80000)
 ParOldGen       total 57856K, used 11626K [0x00000000a1c00000, 0x00000000a5480000, 0x00000000e0980000)
  object space 57856K, 20% used [0x00000000a1c00000,0x00000000a275a878,0x00000000a5480000)
 Metaspace       used 24623K, capacity 26104K, committed 26240K, reserved 1071104K
  class space    used 3600K, capacity 3877K, committed 3968K, reserved 1048576K
}

Deoptimization events (10 events):
Event: 8.285 Thread 0x00000000185a6000 Uncommon trap: reason=class_check action=maybe_recompile pc=0x0000000002fd58b8 method=javafx.beans.property.StringPropertyBase.get()Ljava/lang/String; @ 23
Event: 8.285 Thread 0x00000000185a6000 Uncommon trap: reason=class_check action=maybe_recompile pc=0x0000000002f0e124 method=javafx.beans.property.StringPropertyBase.get()Ljava/lang/String; @ 23
Event: 8.285 Thread 0x00000000185a6000 Uncommon trap: reason=unstable_if action=reinterpret pc=0x0000000002ec2d2c method=javafx.scene.CssStyleHelper.lookupInheritedFontProperty(Ljavafx/css/Styleable;Ljava/lang/String;Lcom/sun/javafx/css/StyleMap;ILcom/sun/javafx/css/CascadingStyle;)Lcom/sun/jav>Z”d’ @
Event: 8.286 Thread 0x00000000185a6000 Uncommon trap: reason=unstable_if action=reinterpret pc=0x0000000002ea6454 method=javafx.scene.CssStyleHelper.resolveRef(Ljavafx/css/Styleable;Ljava/lang/String;Lcom/sun/javafx/css/StyleMap;Ljava/util/Set;)Lcom/sun/javafx/css/CascadingStyle; @ 66
Event: 8.286 Thread 0x00000000185a6000 Uncommon trap: reason=unstable_if action=reinterpret pc=0x0000000002df7dd0 method=javafx.scene.CssStyleHelper.resolveRef(Ljavafx/css/Styleable;Ljava/lang/String;Lcom/sun/javafx/css/StyleMap;Ljava/util/Set;)Lcom/sun/javafx/css/CascadingStyle; @ 66
Event: 8.291 Thread 0x00000000185a6000 Uncommon trap: reason=bimorphic action=maybe_recompile pc=0x0000000002fc12ec method=java.util.WeakHashMap.eq(Ljava/lang/Object;Ljava/lang/Object;)Z @ 7
Event: 8.292 Thread 0x00000000185a6000 Uncommon trap: reason=class_check action=maybe_recompile pc=0x0000000002fd58b8 method=javafx.beans.property.StringPropertyBase.get()Ljava/lang/String; @ 23
Event: 8.299 Thread 0x00000000185a6000 Uncommon trap: reason=bimorphic action=maybe_recompile pc=0x0000000002fc12ec method=java.util.WeakHashMap.eq(Ljava/lang/Object;Ljava/lang/Object;)Z @ 7
Event: 8.300 Thread 0x00000000185a6000 Uncommon trap: reason=class_check action=maybe_recompile pc=0x00000000030739b8 method=javafx.scene.Node.updateLocalToParentTransform()V @ 11
Event: 8.301 Thread 0x00000000185a6000 Uncommon trap: reason=class_check action=maybe_recompile pc=0x00000000030739b8 method=javafx.scene.Node.updateLocalToParentTransform()V @ 11

Internal exceptions (10 events):
Event: 1.103 Thread 0x00000000185a6000 Exception <a 'java/lang/ArrayIndexOutOfBoundsException'> (0x00000000e10bc2c0) thrown at [C:\re\workspace\8-2-build-windows-amd64-cygwin\jdk8u66\4988\hotspot\src\share\vm\runtime\sharedRuntime.cpp, line 605]
Event: 1.108 Thread 0x00000000185a6000 Exception <a 'java/lang/ArrayIndexOutOfBoundsException'> (0x00000000e10dfaa0) thrown at [C:\re\workspace\8-2-build-windows-amd64-cygwin\jdk8u66\4988\hotspot\src\share\vm\runtime\sharedRuntime.cpp, line 605]
Event: 1.150 Thread 0x00000000185a6000 Exception <a 'java/lang/NoClassDefFoundError': org/apache/log4j/Category> (0x00000000e12e3ca0) thrown at [C:\re\workspace\8-2-build-windows-amd64-cygwin\jdk8u66\4988\hotspot\src\share\vm\classfile\systemDictionary.cpp, line 199]
Event: 1.774 Thread 0x00000000185a6000 Implicit null exception at 0x00000000029e12b5 to 0x00000000029e14c1
Event: 1.775 Thread 0x00000000185a6000 Implicit null exception at 0x0000000002a2e998 to 0x0000000002a2ea26
Event: 2.687 Thread 0x00000000185a6000 Implicit null exception at 0x0000000002d0ec1a to 0x0000000002d0f445
Event: 2.845 Thread 0x00000000185a6000 Implicit null exception at 0x0000000002c66ea3 to 0x0000000002c679d5
Event: 370.252 Thread 0x00000000185a6000 Exception <a 'java/net/ConnectException': Connection refused: connect> (0x00000000e17df168) thrown at [C:\re\workspace\8-2-build-windows-amd64-cygwin\jdk8u66\4988\hotspot\src\share\vm\prims\jni.cpp, line 735]
Event: 371.255 Thread 0x00000000185a6000 Exception <a 'java/net/ConnectException': Connection refused: connect> (0x00000000e17dfc38) thrown at [C:\re\workspace\8-2-build-windows-amd64-cygwin\jdk8u66\4988\hotspot\src\share\vm\prims\jni.cpp, line 735]
Event: 371.257 Thread 0x00000000185a6000 Exception <a 'java/lang/NullPointerException'> (0x00000000e17f19e8) thrown at [C:\re\workspace\8-2-build-windows-amd64-cygwin\jdk8u66\4988\hotspot\src\share\vm\prims\jvm.cpp, line 1390]

Events (10 events):
Event: 369.244 loading class com/sun/jna/Structure$2$StructureSet
Event: 369.244 loading class com/sun/jna/Structure$2$StructureSet done
Event: 369.245 loading class uk/co/caprica/vlcj/player/list/events/MediaListPlayerEventFactory$1
Event: 369.245 loading class uk/co/caprica/vlcj/player/list/events/MediaListPlayerEventFactory$1 done
Event: 371.255 loading class java/lang/Throwable$WrappedPrintStream
Event: 371.255 loading class java/lang/Throwable$PrintStreamOrWriter
Event: 371.255 loading class java/lang/Throwable$PrintStreamOrWriter done
Event: 371.255 loading class java/lang/Throwable$WrappedPrintStream done
Event: 371.255 loading class java/util/IdentityHashMap$KeySet
Event: 371.255 loading class java/util/IdentityHashMap$KeySet done


Dynamic libraries:
0x00007ff7209f0000 - 0x00007ff720a27000 	C:\Program Files\Java\jdk1.8.0_66\bin\java.exe
0x00007ffa16590000 - 0x00007ffa16751000 	C:\Windows\SYSTEM32\ntdll.dll
0x00007ffa13c50000 - 0x00007ffa13cfd000 	C:\Windows\system32\KERNEL32.DLL
0x00007ffa12e80000 - 0x00007ffa13068000 	C:\Windows\system32\KERNELBASE.dll
0x00007ffa15690000 - 0x00007ffa15737000 	C:\Windows\system32\ADVAPI32.dll
0x00007ffa15740000 - 0x00007ffa157dd000 	C:\Windows\system32\msvcrt.dll
0x00007ffa15c50000 - 0x00007ffa15cab000 	C:\Windows\system32\sechost.dll
0x00007ffa13d00000 - 0x00007ffa13e1c000 	C:\Windows\system32\RPCRT4.dll
0x00007ffa160e0000 - 0x00007ffa16236000 	C:\Windows\system32\USER32.dll
0x00007ffa13ac0000 - 0x00007ffa13c46000 	C:\Windows\system32\GDI32.dll
0x00007ffa0ef70000 - 0x00007ffa0f1e4000 	C:\Windows\WinSxS\amd64_microsoft.windows.common-controls_6595b64144ccf1df_6.0.10586.0_none_8c15ae12515e1c22\COMCTL32.dll
0x00007ffa13e20000 - 0x00007ffa1409d000 	C:\Windows\system32\combase.dll
0x00007ffa12c40000 - 0x00007ffa12caa000 	C:\Windows\system32\bcryptPrimitives.dll
0x00007ffa15a60000 - 0x00007ffa15a9b000 	C:\Windows\system32\IMM32.DLL
0x00007ffa12aa0000 - 0x00007ffa12ad1000 	C:\Windows\system32\nvinitx.dll
0x00007ffa12a90000 - 0x00007ffa12a9a000 	C:\Windows\SYSTEM32\VERSION.dll
0x0000000055170000 - 0x0000000055242000 	C:\Program Files\Java\jdk1.8.0_66\jre\bin\msvcr100.dll
0x0000000054600000 - 0x0000000054e89000 	C:\Program Files\Java\jdk1.8.0_66\jre\bin\server\jvm.dll
0x00007ffa16240000 - 0x00007ffa16248000 	C:\Windows\system32\PSAPI.DLL
0x00007ffa10590000 - 0x00007ffa10599000 	C:\Windows\SYSTEM32\WSOCK32.dll
0x00007ffa11040000 - 0x00007ffa11063000 	C:\Windows\SYSTEM32\WINMM.dll
0x00007ffa15620000 - 0x00007ffa1568b000 	C:\Windows\system32\WS2_32.dll
0x00007ffa10f20000 - 0x00007ffa10f4c000 	C:\Windows\SYSTEM32\WINMMBASE.dll
0x00007ffa13070000 - 0x00007ffa130b3000 	C:\Windows\system32\cfgmgr32.dll
0x0000000055160000 - 0x000000005516f000 	C:\Program Files\Java\jdk1.8.0_66\jre\bin\verify.dll
0x0000000055130000 - 0x0000000055159000 	C:\Program Files\Java\jdk1.8.0_66\jre\bin\java.dll
0x0000000055110000 - 0x0000000055126000 	C:\Program Files\Java\jdk1.8.0_66\jre\bin\zip.dll
0x00007ffa140c0000 - 0x00007ffa1561c000 	C:\Windows\system32\SHELL32.dll
0x00007ffa13260000 - 0x00007ffa138a4000 	C:\Windows\system32\windows.storage.dll
0x00007ffa158a0000 - 0x00007ffa158f2000 	C:\Windows\system32\shlwapi.dll
0x00007ffa12c30000 - 0x00007ffa12c3f000 	C:\Windows\system32\kernel.appcore.dll
0x00007ffa138b0000 - 0x00007ffa13965000 	C:\Windows\system32\shcore.dll
0x00007ffa12bd0000 - 0x00007ffa12c1b000 	C:\Windows\system32\powrprof.dll
0x00007ffa12bb0000 - 0x00007ffa12bc4000 	C:\Windows\system32\profapi.dll
0x00007ffa04240000 - 0x00007ffa04250000 	C:\Program Files (x86)\JetBrains\IntelliJ IDEA Community Edition 15.0\bin\breakgen64.dll
0x00000000550f0000 - 0x000000005510a000 	C:\Program Files\Java\jdk1.8.0_66\jre\bin\net.dll
0x00007ffa12430000 - 0x00007ffa1248c000 	C:\Windows\system32\mswsock.dll
0x00007ffa124e0000 - 0x00007ffa124f7000 	C:\Windows\SYSTEM32\CRYPTSP.dll
0x00007ffa12170000 - 0x00007ffa121a4000 	C:\Windows\system32\rsaenh.dll
0x00007ffa12ae0000 - 0x00007ffa12b09000 	C:\Windows\SYSTEM32\bcrypt.dll
0x00007ffa122c0000 - 0x00007ffa122df000 	C:\Windows\SYSTEM32\USERENV.dll
0x00007ffa12600000 - 0x00007ffa1260b000 	C:\Windows\SYSTEM32\CRYPTBASE.dll
0x00007ffa0fb70000 - 0x00007ffa0fba8000 	C:\Windows\SYSTEM32\IPHLPAPI.DLL
0x00007ffa157e0000 - 0x00007ffa157e8000 	C:\Windows\system32\NSI.dll
0x00007ffa0a010000 - 0x00007ffa0a026000 	C:\Windows\SYSTEM32\dhcpcsvc6.DLL
0x00007ffa09ff0000 - 0x00007ffa0a00a000 	C:\Windows\SYSTEM32\dhcpcsvc.DLL
0x00000000550d0000 - 0x00000000550e1000 	C:\Program Files\Java\jdk1.8.0_66\jre\bin\nio.dll
0x00007ff9f93e0000 - 0x00007ff9f9417000 	C:\Users\Pierre\AppData\Local\Temp\jna-Pierre\jna6888739507433970287.dll
0x00007ff9ec4d0000 - 0x00007ff9ec5bf000 	C:\Program Files\Java\jdk1.8.0_66\jre\bin\msvcr120.dll
0x00007ff9f7750000 - 0x00007ff9f77f6000 	C:\Program Files\Java\jdk1.8.0_66\jre\bin\msvcp120.dll
0x0000000055090000 - 0x00000000550b3000 	C:\Program Files\Java\jdk1.8.0_66\jre\bin\prism_d3d.dll
0x00007ff9ec2c0000 - 0x00007ff9ec4d0000 	C:\Windows\system32\d3d9.dll
0x00007ffa0ef40000 - 0x00007ffa0ef62000 	C:\Windows\SYSTEM32\dwmapi.dll
0x00007ffa115c0000 - 0x00007ffa11656000 	C:\Windows\system32\uxtheme.dll
0x00007ff9e8aa0000 - 0x00007ff9e950e000 	C:\Windows\SYSTEM32\igdumdim64.dll
0x00007ffa0c5d0000 - 0x00007ffa0ca2f000 	C:\Windows\SYSTEM32\igdusc64.dll
0x0000000055040000 - 0x0000000055083000 	C:\Program Files\Java\jdk1.8.0_66\jre\bin\glass.dll
0x00007ffa16260000 - 0x00007ffa1636b000 	C:\Windows\system32\COMDLG32.dll
0x00007ffa131d0000 - 0x00007ffa13256000 	C:\Windows\system32\FirewallAPI.dll
0x00007ffa13970000 - 0x00007ffa13987000 	C:\Windows\system32\NETAPI32.dll
0x00007ffa15b00000 - 0x00007ffa15c43000 	C:\Windows\system32\ole32.dll
0x00007ffa13990000 - 0x00007ffa13a51000 	C:\Windows\system32\OLEAUT32.dll
0x00007ffa0ea80000 - 0x00007ffa0ea8c000 	C:\Windows\SYSTEM32\DAVHLPR.DLL
0x00007ffa119e0000 - 0x00007ffa11a12000 	C:\Windows\SYSTEM32\fwbase.dll
0x00007ffa15900000 - 0x00007ffa15a5a000 	C:\Windows\system32\MSCTF.dll
0x00000000545d0000 - 0x00000000545fe000 	C:\Program Files\VideoLAN\VLC\libvlc.dll
0x0000000054320000 - 0x00000000545cd000 	C:\Program Files\VideoLAN\VLC\libvlccore.dll
0x0000000054270000 - 0x0000000054312000 	C:\Program Files\VideoLAN\VLC\plugins\access\libdshow_plugin.dll
0x0000000054250000 - 0x0000000054264000 	C:\Program Files\VideoLAN\VLC\plugins\audio_output\libdirectsound_plugin.dll
0x0000000054230000 - 0x0000000054243000 	C:\Program Files\VideoLAN\VLC\plugins\audio_output\libwaveout_plugin.dll
0x0000000054210000 - 0x000000005422f000 	C:\Program Files\VideoLAN\VLC\plugins\video_output\libdirect3d_plugin.dll
0x00000000541f0000 - 0x000000005420d000 	C:\Program Files\VideoLAN\VLC\plugins\video_output\libdirectdraw_plugin.dll
0x00000000541d0000 - 0x00000000541e4000 	C:\Program Files\Java\jdk1.8.0_66\jre\bin\javafx_font.dll
0x00000000541a0000 - 0x00000000541c4000 	C:\Program Files\Java\jdk1.8.0_66\jre\bin\sunec.dll
0x00007ffa114e0000 - 0x00007ffa1158a000 	C:\Windows\SYSTEM32\DNSAPI.dll
0x0000000055d40000 - 0x0000000055d66000 	C:\Program Files\Bonjour\mdnsNSP.dll
0x00007ffa07b30000 - 0x00007ffa07b3a000 	C:\Windows\System32\rasadhlp.dll
0x00007ffa0a040000 - 0x00007ffa0a0a7000 	C:\Windows\System32\fwpuclnt.dll
0x00007ffa08a80000 - 0x00007ffa08ce0000 	C:\Windows\SYSTEM32\dwrite.dll
0x00007ff9f1690000 - 0x00007ff9f172c000 	C:\Windows\SYSTEM32\DSOUND.DLL
0x00007ffa157f0000 - 0x00007ffa15897000 	C:\Windows\system32\clbcatq.dll
0x00007ffa0a5b0000 - 0x00007ffa0a620000 	C:\Windows\System32\MMDevApi.dll
0x00007ffa11590000 - 0x00007ffa115b7000 	C:\Windows\System32\DEVOBJ.dll
0x00007ffa10d30000 - 0x00007ffa10eb6000 	C:\Windows\System32\PROPSYS.dll
0x00007ffa0d710000 - 0x00007ffa0d8c1000 	C:\Windows\SYSTEM32\WindowsCodecs.dll
0x00007ff9f9960000 - 0x00007ff9f99aa000 	C:\Windows\system32\dataexchange.dll
0x00007ffa0dd00000 - 0x00007ffa0dfa8000 	C:\Windows\system32\d3d11.dll
0x00007ffa105e0000 - 0x00007ffa106c3000 	C:\Windows\system32\dcomp.dll
0x00007ffa0dae0000 - 0x00007ffa0db82000 	C:\Windows\system32\dxgi.dll
0x00007ffa11660000 - 0x00007ffa11760000 	C:\Windows\system32\twinapi.appcore.dll
0x00007ffa04180000 - 0x00007ffa041b4000 	C:\Program Files\Common Files\Microsoft Shared\Ink\rtscom.dll
0x0000000054180000 - 0x0000000054191000 	C:\Program Files\Java\jdk1.8.0_66\jre\bin\prism_common.dll
0x00007ff9f04a0000 - 0x00007ff9f0543000 	C:\Program Files\Common Files\microsoft shared\ink\tiptsf.dll
0x00007ff9f8500000 - 0x00007ff9f8550000 	C:\Windows\SYSTEM32\edputil.dll
0x00007ffa10340000 - 0x00007ffa10395000 	C:\Windows\SYSTEM32\policymanager.dll
0x00007ffa10290000 - 0x00007ffa10322000 	C:\Windows\SYSTEM32\msvcp110_win.dll
0x00007ff9f8550000 - 0x00007ff9f89f0000 	C:\Windows\system32\explorerframe.dll
0x00007ff9ef9c0000 - 0x00007ff9efb73000 	C:\Windows\system32\DUI70.dll
0x00007ff9f1930000 - 0x00007ff9f19c8000 	C:\Windows\system32\DUser.dll
0x00007ffa01840000 - 0x00007ffa0188d000 	C:\Windows\System32\thumbcache.dll
0x00007ffa08540000 - 0x00007ffa086c5000 	C:\Windows\System32\Windows.Globalization.dll
0x00007ffa10c50000 - 0x00007ffa10cb7000 	C:\Windows\System32\Bcp47Langs.dll
0x00007ffa043e0000 - 0x00007ffa04410000 	C:\Windows\SYSTEM32\globinputhost.dll
0x00007ff9f0770000 - 0x00007ff9f081c000 	C:\Windows\System32\StructuredQuery.dll
0x00007ffa107b0000 - 0x00007ffa10c43000 	C:\Windows\System32\ActXPrxy.dll
0x00007ffa047a0000 - 0x00007ffa047b0000 	C:\Windows\SYSTEM32\atlthunk.dll
0x00007ff9fb240000 - 0x00007ff9fb25b000 	C:\Windows\SYSTEM32\MPR.dll
0x00007ffa0f7b0000 - 0x00007ffa0f7bb000 	C:\Windows\System32\drprov.dll
0x00007ffa12970000 - 0x00007ffa129c6000 	C:\Windows\System32\WINSTA.dll
0x00007ffa05c40000 - 0x00007ffa05c56000 	C:\Windows\System32\ntlanman.dll
0x00007ff9fef30000 - 0x00007ff9fef50000 	C:\Windows\System32\davclnt.dll
0x00007ffa0a490000 - 0x00007ffa0a4a6000 	C:\Windows\System32\wkscli.dll
0x00007ffa03040000 - 0x00007ffa03052000 	C:\Windows\SYSTEM32\cscapi.dll
0x00007ffa11f70000 - 0x00007ffa11f7c000 	C:\Windows\System32\netutils.dll
0x00007ffa11350000 - 0x00007ffa113c9000 	C:\Windows\SYSTEM32\apphelp.dll
0x00007ff9efc20000 - 0x00007ff9efc9f000 	C:\Windows\System32\dlnashext.dll
0x00007ff9f9360000 - 0x00007ff9f93d4000 	C:\Windows\System32\PlayToDevice.dll
0x00007ff9fb4c0000 - 0x00007ff9fb4df000 	C:\Windows\System32\DevDispItemProvider.dll
0x00007ffa05c60000 - 0x00007ffa05c69000 	C:\Windows\system32\IconCodecService.dll
0x00007ffa16520000 - 0x00007ffa1658f000 	C:\Windows\system32\coml2.dll
0x00007ffa01800000 - 0x00007ffa0180d000 	C:\Windows\SYSTEM32\LINKINFO.dll
0x00007ff9f95a0000 - 0x00007ff9f9651000 	C:\Windows\System32\twinapi.dll
0x00007ffa07ed0000 - 0x00007ffa07ef8000 	C:\Windows\System32\IDStore.dll
0x00007ffa10ec0000 - 0x00007ffa10edc000 	C:\Windows\System32\SAMLIB.dll
0x00007ff9f9420000 - 0x00007ff9f94b7000 	C:\Windows\System32\wlidprov.dll
0x00007ffa0e580000 - 0x00007ffa0e716000 	C:\Users\Pierre\AppData\Local\Microsoft\OneDrive\17.3.6390.0509\amd64\FileSyncShell64.dll
0x00007ffa06080000 - 0x00007ffa06329000 	C:\Windows\SYSTEM32\WININET.dll
0x00007ffa105a0000 - 0x00007ffa105d4000 	C:\Users\Pierre\AppData\Local\Microsoft\OneDrive\17.3.6390.0509\amd64\LoggingPlatform64.DLL

VM Arguments:
jvm_args: -Djava.library.path=C:\Users\Pierre\Desktop\coursesgi\mycast\projet-annuel\interface\lib -Didea.launcher.port=7533 -Didea.launcher.bin.path=C:\Program Files (x86)\JetBrains\IntelliJ IDEA Community Edition 15.0\bin -Dfile.encoding=UTF-8 
java_command: com.intellij.rt.execution.application.AppMain sample.Main
java_class_path (initial): C:\Program Files\Java\jdk1.8.0_66\jre\lib\charsets.jar;C:\Program Files\Java\jdk1.8.0_66\jre\lib\deploy.jar;C:\Program Files\Java\jdk1.8.0_66\jre\lib\ext\access-bridge-64.jar;C:\Program Files\Java\jdk1.8.0_66\jre\lib\ext\cldrdata.jar;C:\Program Files\Java\jdk1.8.0_66\jre\lib\ext\dnsns.jar;C:\Program Files\Java\jdk1.8.0_66\jre\lib\ext\jaccess.jar;C:\Program Files\Java\jdk1.8.0_66\jre\lib\ext\jfxrt.jar;C:\Program Files\Java\jdk1.8.0_66\jre\lib\ext\localedata.jar;C:\Program Files\Java\jdk1.8.0_66\jre\lib\ext\nashorn.jar;C:\Program Files\Java\jdk1.8.0_66\jre\lib\ext\sunec.jar;C:\Program Files\Java\jdk1.8.0_66\jre\lib\ext\sunjce_provider.jar;C:\Program Files\Java\jdk1.8.0_66\jre\lib\ext\sunmscapi.jar;C:\Program Files\Java\jdk1.8.0_66\jre\lib\ext\sunpkcs11.jar;C:\Program Files\Java\jdk1.8.0_66\jre\lib\ext\zipfs.jar;C:\Program Files\Java\jdk1.8.0_66\jre\lib\javaws.jar;C:\Program Files\Java\jdk1.8.0_66\jre\lib\jce.jar;C:\Program Files\Java\jdk1.8.0_66\jre\lib\jfr.jar;C:\Program Files\Java\jdk1.8.0_66\jre\lib\jfxswt.jar;C:\Program Files\Java\jdk1.8.0_66\jre\lib\jsse.jar;C:\Program Files\Java\jdk1.8.0_66\jre\lib\management-agent.jar;C:\Program Files\Java\jdk1.8.0_66\jre\lib\plugin.jar;C:\Program Files\Java\jdk1.8.0_66\jre\lib\resources.jar;C:\Program Files\Java\jdk1.8.0_66\jre\lib\rt.jar;C:\Users\Pierre\Desktop\coursesgi\mycast\projet-annuel\interface\out\production\code;C:\Users\Pierre\Desktop\coursesgi\mycast\projet-annuel\interface\lib\jna-3.5.2.jar;C:\Users\Pierre\Desktop\coursesgi\mycast\projet-annuel\interface\lib\vlcj-3.8.0.jar;C:\Users\Pierre\Desktop\coursesgi\mycast\projet-annuel\interface\lib\httpcore-4.2.3.jar;C:\Users\Pierre\Desktop\coursesgi\mycast\projet-annuel\interface\lib\platform-3.5.2.jar;C:\Users\Pierre\Desktop\coursesgi\mycast\projet-annuel\interface\lib\httpclient-4.2.2.jar;C:\Users\Pierre\Desktop\coursesgi\mycast\projet-annuel\interface\lib\slf4j-api-1.7.18.jar;C:\Users\Pierre\Desktop\coursesgi\mycast\projet-annuel\interface
Launcher Type: SUN_STANDARD

Environment Variables:
PATH=C:\ProgramData\Oracle\Java\javapath;C:\Program Files (x86)\NVIDIA Corporation\PhysX\Common;C:\Program Files (x86)\Intel\iCLS Client\;C:\Program Files\Intel\iCLS Client\;C:\Windows\system32;C:\Windows;C:\Windows\System32\Wbem;C:\Windows\System32\WindowsPowerShell\v1.0\;C:\Program Files (x86)\Windows Live\Shared;C:\Program Files\Intel\Intel(R) Management Engine Components\DAL;C:\Program Files\Intel\Intel(R) Management Engine Components\IPT;C:\Program Files (x86)\Intel\Intel(R) Management Engine Components\DAL;C:\Program Files (x86)\Intel\Intel(R) Management Engine Components\IPT;C:\Program Files (x86)\Intel\OpenCL SDK\2.0\bin\x86;C:\Program Files (x86)\Intel\OpenCL SDK\2.0\bin\x64;C:\Program Files\nodejs\;C:\Program Files (x86)\Git\cmd;C:\Users\Pierre\Desktop\coursesgi\Théory des langages\Winflex;C:\MinGW\bin;C:\Program Files\Java\jdk1.8.0_66\bin;C:\Program Files (x86)\Skype\Phone\;C:\Program Files (x86)\Heroku\bin;C:\wamp\bin\php\php5.5.12;C:\Users\Pierre\AppData\Local\Programs\Python\Python35-32;C:\Users\Pierre\AppData\Local\Programs\Python\Python35-32\Scripts
USERNAME=Pierre
OS=Windows_NT
PROCESSOR_IDENTIFIER=Intel64 Family 6 Model 58 Stepping 9, GenuineIntel



---------------  S Y S T E M  ---------------

OS: Windows 10.0 , 64 bit Build 10586 (10.0.10586.0)

CPU:total 4 (2 cores per cpu, 2 threads per core) family 6 model 58 stepping 9, cmov, cx8, fxsr, mmx, sse, sse2, sse3, ssse3, sse4.1, sse4.2, popcnt, avx, aes, clmul, erms, ht, tsc, tscinvbit, tscinv

Memory: 4k page, physical 6174460k(2612868k free), swap 7485180k(2592772k free)

vm_info: Java HotSpot(TM) 64-Bit Server VM (25.66-b17) for windows-amd64 JRE (1.8.0_66-b17), built on Oct  6 2015 18:55:33 by "java_re" with MS VC++ 10.0 (VS2010)

time: Fri Jul 08 10:54:23 2016
elapsed time: 371 seconds (0d 0h 6m 11s)

